system   D d:\Libraries\build\allegro\src\allegro-git\allegro-git\src\win\wsystem.c:655  _al_win_safe_load_library        [   0.00080] PathFindOnPath found: C:\WINDOWS\system32\d3d9.dll
system   D d:\Libraries\build\allegro\src\allegro-git\allegro-git\src\win\wsystem.c:566  load_library_at_path             [   0.00093] Calling LoadLibrary C:\WINDOWS\system32\d3d9.dll
system   I d:\Libraries\build\allegro\src\allegro-git\allegro-git\src\win\wsystem.c:569  load_library_at_path             [   0.00326] Loaded C:\WINDOWS\system32\d3d9.dll
d3d      I d:\Libraries\build\allegro\src\allegro-git\allegro-git\src\win\d3d_disp.cpp:717  _al_d3d_init_display             [   0.01519] Render-to-texture: 1
system   I d:\Libraries\build\allegro\src\allegro-git\allegro-git\src\system.c:256  al_install_system                [   0.01527] Allegro version: 5.1.9 (GIT)
d3d      I d:\Libraries\build\allegro\src\allegro-git\allegro-git\src\win\d3d_disp.cpp:1779 d3d_create_display_locked        [   0.01653] faux_fullscreen=0
d3d      D d:\Libraries\build\allegro\src\allegro-git\allegro-git\src\win\d3d_disp.cpp:1780 d3d_create_display_locked        [   0.01658] al_display=00C48FC8
d3d      D d:\Libraries\build\allegro\src\allegro-git\allegro-git\src\win\d3d_disp.cpp:1781 d3d_create_display_locked        [   0.01660] al_display->vt=00C473B8
d3d      I d:\Libraries\build\allegro\src\allegro-git\allegro-git\src\win\d3d_display_formats.cpp:144  _al_d3d_generate_display_format_list [   0.01797] found 64 format combinations
display  D d:\Libraries\build\allegro\src\allegro-git\allegro-git\src\display_settings.c:202  debug_display_settings           [   0.01801] color: 32 (rgba 8880), depth: 0, stencil: 0, acc: 0000, samples: 0/0
display  D d:\Libraries\build\allegro\src\allegro-git\allegro-git\src\display_settings.c:517  _al_score_display_settings       [   0.01804] Score is : 897
display  D d:\Libraries\build\allegro\src\allegro-git\allegro-git\src\display_settings.c:202  debug_display_settings           [   0.01805] color: 32 (rgba 8880), depth: 0, stencil: 0, acc: 0000, samples: 0/0
display  D d:\Libraries\build\allegro\src\allegro-git\allegro-git\src\display_settings.c:517  _al_score_display_settings       [   0.01807] Score is : 897
display  D d:\Libraries\build\allegro\src\allegro-git\allegro-git\src\display_settings.c:202  debug_display_settings           [   0.01808] color: 32 (rgba 8880), depth: 24, stencil: 8, acc: 0000, samples: 0/0
display  D d:\Libraries\build\allegro\src\allegro-git\allegro-git\src\display_settings.c:517  _al_score_display_settings       [   0.01810] Score is : 897
display  D d:\Libraries\build\allegro\src\allegro-git\allegro-git\src\display_settings.c:202  debug_display_settings           [   0.01812] color: 32 (rgba 8880), depth: 24, stencil: 8, acc: 0000, samples: 0/0
display  D d:\Libraries\build\allegro\src\allegro-git\allegro-git\src\display_settings.c:517  _al_score_display_settings       [   0.01814] Score is : 897
display  D d:\Libraries\build\allegro\src\allegro-git\allegro-git\src\display_settings.c:202  debug_display_settings           [   0.01815] color: 32 (rgba 8880), depth: 24, stencil: 0, acc: 0000, samples: 0/0
display  D d:\Libraries\build\allegro\src\allegro-git\allegro-git\src\display_settings.c:517  _al_score_display_settings       [   0.01817] Score is : 897
display  D d:\Libraries\build\allegro\src\allegro-git\allegro-git\src\display_settings.c:202  debug_display_settings           [   0.01818] color: 32 (rgba 8880), depth: 24, stencil: 0, acc: 0000, samples: 0/0
display  D d:\Libraries\build\allegro\src\allegro-git\allegro-git\src\display_settings.c:517  _al_score_display_settings       [   0.01820] Score is : 897
display  D d:\Libraries\build\allegro\src\allegro-git\allegro-git\src\display_settings.c:202  debug_display_settings           [   0.01821] color: 32 (rgba 8880), depth: 16, stencil: 0, acc: 0000, samples: 0/0
display  D d:\Libraries\build\allegro\src\allegro-git\allegro-git\src\display_settings.c:517  _al_score_display_settings       [   0.01823] Score is : 897
display  D d:\Libraries\build\allegro\src\allegro-git\allegro-git\src\display_settings.c:202  debug_display_settings           [   0.01824] color: 32 (rgba 8880), depth: 16, stencil: 0, acc: 0000, samples: 0/0
display  D d:\Libraries\build\allegro\src\allegro-git\allegro-git\src\display_settings.c:517  _al_score_display_settings       [   0.01833] Score is : 897
display  D d:\Libraries\build\allegro\src\allegro-git\allegro-git\src\display_settings.c:202  debug_display_settings           [   0.01835] color: 16 (rgba 5650), depth: 0, stencil: 0, acc: 0000, samples: 0/0
display  D d:\Libraries\build\allegro\src\allegro-git\allegro-git\src\display_settings.c:517  _al_score_display_settings       [   0.01837] Score is : 897
display  D d:\Libraries\build\allegro\src\allegro-git\allegro-git\src\display_settings.c:202  debug_display_settings           [   0.01839] color: 16 (rgba 5650), depth: 0, stencil: 0, acc: 0000, samples: 0/0
display  D d:\Libraries\build\allegro\src\allegro-git\allegro-git\src\display_settings.c:517  _al_score_display_settings       [   0.01840] Score is : 897
display  D d:\Libraries\build\allegro\src\allegro-git\allegro-git\src\display_settings.c:202  debug_display_settings           [   0.01842] color: 16 (rgba 5650), depth: 24, stencil: 8, acc: 0000, samples: 0/0
display  D d:\Libraries\build\allegro\src\allegro-git\allegro-git\src\display_settings.c:517  _al_score_display_settings       [   0.01843] Score is : 897
display  D d:\Libraries\build\allegro\src\allegro-git\allegro-git\src\display_settings.c:202  debug_display_settings           [   0.01845] color: 16 (rgba 5650), depth: 24, stencil: 8, acc: 0000, samples: 0/0
display  D d:\Libraries\build\allegro\src\allegro-git\allegro-git\src\display_settings.c:517  _al_score_display_settings       [   0.01847] Score is : 897
display  D d:\Libraries\build\allegro\src\allegro-git\allegro-git\src\display_settings.c:202  debug_display_settings           [   0.01848] color: 16 (rgba 5650), depth: 24, stencil: 0, acc: 0000, samples: 0/0
display  D d:\Libraries\build\allegro\src\allegro-git\allegro-git\src\display_settings.c:517  _al_score_display_settings       [   0.01850] Score is : 897
display  D d:\Libraries\build\allegro\src\allegro-git\allegro-git\src\display_settings.c:202  debug_display_settings           [   0.01851] color: 16 (rgba 5650), depth: 24, stencil: 0, acc: 0000, samples: 0/0
display  D d:\Libraries\build\allegro\src\allegro-git\allegro-git\src\display_settings.c:517  _al_score_display_settings       [   0.01853] Score is : 897
display  D d:\Libraries\build\allegro\src\allegro-git\allegro-git\src\display_settings.c:202  debug_display_settings           [   0.01854] color: 16 (rgba 5650), depth: 16, stencil: 0, acc: 0000, samples: 0/0
display  D d:\Libraries\build\allegro\src\allegro-git\allegro-git\src\display_settings.c:517  _al_score_display_settings       [   0.01856] Score is : 897
display  D d:\Libraries\build\allegro\src\allegro-git\allegro-git\src\display_settings.c:202  debug_display_settings           [   0.01857] color: 16 (rgba 5650), depth: 16, stencil: 0, acc: 0000, samples: 0/0
display  D d:\Libraries\build\allegro\src\allegro-git\allegro-git\src\display_settings.c:517  _al_score_display_settings       [   0.01859] Score is : 897
display  D d:\Libraries\build\allegro\src\allegro-git\allegro-git\src\display_settings.c:202  debug_display_settings           [   0.01860] color: 32 (rgba 8880), depth: 0, stencil: 0, acc: 0000, samples: 0/0
display  D d:\Libraries\build\allegro\src\allegro-git\allegro-git\src\display_settings.c:388  _al_score_display_settings       [   0.01862] Single Buffer requirement not met.
display  D d:\Libraries\build\allegro\src\allegro-git\allegro-git\src\display_settings.c:202  debug_display_settings           [   0.01864] color: 32 (rgba 8880), depth: 0, stencil: 0, acc: 0000, samples: 0/0
display  D d:\Libraries\build\allegro\src\allegro-git\allegro-git\src\display_settings.c:388  _al_score_display_settings       [   0.01865] Single Buffer requirement not met.
display  D d:\Libraries\build\allegro\src\allegro-git\allegro-git\src\display_settings.c:202  debug_display_settings           [   0.01867] color: 32 (rgba 8880), depth: 24, stencil: 8, acc: 0000, samples: 0/0
display  D d:\Libraries\build\allegro\src\allegro-git\allegro-git\src\display_settings.c:388  _al_score_display_settings       [   0.01873] Single Buffer requirement not met.
display  D d:\Libraries\build\allegro\src\allegro-git\allegro-git\src\display_settings.c:202  debug_display_settings           [   0.01874] color: 32 (rgba 8880), depth: 24, stencil: 8, acc: 0000, samples: 0/0
display  D d:\Libraries\build\allegro\src\allegro-git\allegro-git\src\display_settings.c:388  _al_score_display_settings       [   0.01876] Single Buffer requirement not met.
display  D d:\Libraries\build\allegro\src\allegro-git\allegro-git\src\display_settings.c:202  debug_display_settings           [   0.01877] color: 32 (rgba 8880), depth: 24, stencil: 0, acc: 0000, samples: 0/0
display  D d:\Libraries\build\allegro\src\allegro-git\allegro-git\src\display_settings.c:388  _al_score_display_settings       [   0.01879] Single Buffer requirement not met.
display  D d:\Libraries\build\allegro\src\allegro-git\allegro-git\src\display_settings.c:202  debug_display_settings           [   0.01880] color: 32 (rgba 8880), depth: 24, stencil: 0, acc: 0000, samples: 0/0
display  D d:\Libraries\build\allegro\src\allegro-git\allegro-git\src\display_settings.c:388  _al_score_display_settings       [   0.01882] Single Buffer requirement not met.
display  D d:\Libraries\build\allegro\src\allegro-git\allegro-git\src\display_settings.c:202  debug_display_settings           [   0.01883] color: 32 (rgba 8880), depth: 16, stencil: 0, acc: 0000, samples: 0/0
display  D d:\Libraries\build\allegro\src\allegro-git\allegro-git\src\display_settings.c:388  _al_score_display_settings       [   0.01885] Single Buffer requirement not met.
display  D d:\Libraries\build\allegro\src\allegro-git\allegro-git\src\display_settings.c:202  debug_display_settings           [   0.01886] color: 32 (rgba 8880), depth: 16, stencil: 0, acc: 0000, samples: 0/0
display  D d:\Libraries\build\allegro\src\allegro-git\allegro-git\src\display_settings.c:388  _al_score_display_settings       [   0.01887] Single Buffer requirement not met.
display  D d:\Libraries\build\allegro\src\allegro-git\allegro-git\src\display_settings.c:202  debug_display_settings           [   0.01889] color: 16 (rgba 5650), depth: 0, stencil: 0, acc: 0000, samples: 0/0
display  D d:\Libraries\build\allegro\src\allegro-git\allegro-git\src\display_settings.c:388  _al_score_display_settings       [   0.01890] Single Buffer requirement not met.
display  D d:\Libraries\build\allegro\src\allegro-git\allegro-git\src\display_settings.c:202  debug_display_settings           [   0.01892] color: 16 (rgba 5650), depth: 0, stencil: 0, acc: 0000, samples: 0/0
display  D d:\Libraries\build\allegro\src\allegro-git\allegro-git\src\display_settings.c:388  _al_score_display_settings       [   0.01893] Single Buffer requirement not met.
display  D d:\Libraries\build\allegro\src\allegro-git\allegro-git\src\display_settings.c:202  debug_display_settings           [   0.01894] color: 16 (rgba 5650), depth: 24, stencil: 8, acc: 0000, samples: 0/0
display  D d:\Libraries\build\allegro\src\allegro-git\allegro-git\src\display_settings.c:388  _al_score_display_settings       [   0.01896] Single Buffer requirement not met.
display  D d:\Libraries\build\allegro\src\allegro-git\allegro-git\src\display_settings.c:202  debug_display_settings           [   0.01897] color: 16 (rgba 5650), depth: 24, stencil: 8, acc: 0000, samples: 0/0
display  D d:\Libraries\build\allegro\src\allegro-git\allegro-git\src\display_settings.c:388  _al_score_display_settings       [   0.01899] Single Buffer requirement not met.
display  D d:\Libraries\build\allegro\src\allegro-git\allegro-git\src\display_settings.c:202  debug_display_settings           [   0.01900] color: 16 (rgba 5650), depth: 24, stencil: 0, acc: 0000, samples: 0/0
display  D d:\Libraries\build\allegro\src\allegro-git\allegro-git\src\display_settings.c:388  _al_score_display_settings       [   0.01901] Single Buffer requirement not met.
display  D d:\Libraries\build\allegro\src\allegro-git\allegro-git\src\display_settings.c:202  debug_display_settings           [   0.01904] color: 16 (rgba 5650), depth: 24, stencil: 0, acc: 0000, samples: 0/0
display  D d:\Libraries\build\allegro\src\allegro-git\allegro-git\src\display_settings.c:388  _al_score_display_settings       [   0.01906] Single Buffer requirement not met.
display  D d:\Libraries\build\allegro\src\allegro-git\allegro-git\src\display_settings.c:202  debug_display_settings           [   0.01907] color: 16 (rgba 5650), depth: 16, stencil: 0, acc: 0000, samples: 0/0
display  D d:\Libraries\build\allegro\src\allegro-git\allegro-git\src\display_settings.c:388  _al_score_display_settings       [   0.01909] Single Buffer requirement not met.
display  D d:\Libraries\build\allegro\src\allegro-git\allegro-git\src\display_settings.c:202  debug_display_settings           [   0.01910] color: 16 (rgba 5650), depth: 16, stencil: 0, acc: 0000, samples: 0/0
display  D d:\Libraries\build\allegro\src\allegro-git\allegro-git\src\display_settings.c:388  _al_score_display_settings       [   0.01912] Single Buffer requirement not met.
display  D d:\Libraries\build\allegro\src\allegro-git\allegro-git\src\display_settings.c:202  debug_display_settings           [   0.01913] color: 32 (rgba 8880), depth: 0, stencil: 0, acc: 0000, samples: 0/0
display  D d:\Libraries\build\allegro\src\allegro-git\allegro-git\src\display_settings.c:517  _al_score_display_settings       [   0.01914] Score is : 769
display  D d:\Libraries\build\allegro\src\allegro-git\allegro-git\src\display_settings.c:202  debug_display_settings           [   0.01916] color: 32 (rgba 8880), depth: 0, stencil: 0, acc: 0000, samples: 0/0
display  D d:\Libraries\build\allegro\src\allegro-git\allegro-git\src\display_settings.c:517  _al_score_display_settings       [   0.01917] Score is : 769
display  D d:\Libraries\build\allegro\src\allegro-git\allegro-git\src\display_settings.c:202  debug_display_settings           [   0.01919] color: 32 (rgba 8880), depth: 24, stencil: 8, acc: 0000, samples: 0/0
display  D d:\Libraries\build\allegro\src\allegro-git\allegro-git\src\display_settings.c:517  _al_score_display_settings       [   0.01920] Score is : 769
display  D d:\Libraries\build\allegro\src\allegro-git\allegro-git\src\display_settings.c:202  debug_display_settings           [   0.01921] color: 32 (rgba 8880), depth: 24, stencil: 8, acc: 0000, samples: 0/0
display  D d:\Libraries\build\allegro\src\allegro-git\allegro-git\src\display_settings.c:517  _al_score_display_settings       [   0.01923] Score is : 769
display  D d:\Libraries\build\allegro\src\allegro-git\allegro-git\src\display_settings.c:202  debug_display_settings           [   0.01924] color: 32 (rgba 8880), depth: 24, stencil: 0, acc: 0000, samples: 0/0
display  D d:\Libraries\build\allegro\src\allegro-git\allegro-git\src\display_settings.c:517  _al_score_display_settings       [   0.01926] Score is : 769
display  D d:\Libraries\build\allegro\src\allegro-git\allegro-git\src\display_settings.c:202  debug_display_settings           [   0.01927] color: 32 (rgba 8880), depth: 24, stencil: 0, acc: 0000, samples: 0/0
display  D d:\Libraries\build\allegro\src\allegro-git\allegro-git\src\display_settings.c:517  _al_score_display_settings       [   0.01929] Score is : 769
display  D d:\Libraries\build\allegro\src\allegro-git\allegro-git\src\display_settings.c:202  debug_display_settings           [   0.01930] color: 32 (rgba 8880), depth: 16, stencil: 0, acc: 0000, samples: 0/0
display  D d:\Libraries\build\allegro\src\allegro-git\allegro-git\src\display_settings.c:517  _al_score_display_settings       [   0.01932] Score is : 769
display  D d:\Libraries\build\allegro\src\allegro-git\allegro-git\src\display_settings.c:202  debug_display_settings           [   0.01933] color: 32 (rgba 8880), depth: 16, stencil: 0, acc: 0000, samples: 0/0
display  D d:\Libraries\build\allegro\src\allegro-git\allegro-git\src\display_settings.c:517  _al_score_display_settings       [   0.01935] Score is : 769
display  D d:\Libraries\build\allegro\src\allegro-git\allegro-git\src\display_settings.c:202  debug_display_settings           [   0.01940] color: 16 (rgba 5650), depth: 0, stencil: 0, acc: 0000, samples: 0/0
display  D d:\Libraries\build\allegro\src\allegro-git\allegro-git\src\display_settings.c:517  _al_score_display_settings       [   0.01941] Score is : 769
display  D d:\Libraries\build\allegro\src\allegro-git\allegro-git\src\display_settings.c:202  debug_display_settings           [   0.01942] color: 16 (rgba 5650), depth: 0, stencil: 0, acc: 0000, samples: 0/0
display  D d:\Libraries\build\allegro\src\allegro-git\allegro-git\src\display_settings.c:517  _al_score_display_settings       [   0.01943] Score is : 769
display  D d:\Libraries\build\allegro\src\allegro-git\allegro-git\src\display_settings.c:202  debug_display_settings           [   0.01944] color: 16 (rgba 5650), depth: 24, stencil: 8, acc: 0000, samples: 0/0
display  D d:\Libraries\build\allegro\src\allegro-git\allegro-git\src\display_settings.c:517  _al_score_display_settings       [   0.01945] Score is : 769
display  D d:\Libraries\build\allegro\src\allegro-git\allegro-git\src\display_settings.c:202  debug_display_settings           [   0.01946] color: 16 (rgba 5650), depth: 24, stencil: 8, acc: 0000, samples: 0/0
display  D d:\Libraries\build\allegro\src\allegro-git\allegro-git\src\display_settings.c:517  _al_score_display_settings       [   0.01947] Score is : 769
display  D d:\Libraries\build\allegro\src\allegro-git\allegro-git\src\display_settings.c:202  debug_display_settings           [   0.01947] color: 16 (rgba 5650), depth: 24, stencil: 0, acc: 0000, samples: 0/0
display  D d:\Libraries\build\allegro\src\allegro-git\allegro-git\src\display_settings.c:517  _al_score_display_settings       [   0.01949] Score is : 769
display  D d:\Libraries\build\allegro\src\allegro-git\allegro-git\src\display_settings.c:202  debug_display_settings           [   0.01950] color: 16 (rgba 5650), depth: 24, stencil: 0, acc: 0000, samples: 0/0
display  D d:\Libraries\build\allegro\src\allegro-git\allegro-git\src\display_settings.c:517  _al_score_display_settings       [   0.01951] Score is : 769
display  D d:\Libraries\build\allegro\src\allegro-git\allegro-git\src\display_settings.c:202  debug_display_settings           [   0.01952] color: 16 (rgba 5650), depth: 16, stencil: 0, acc: 0000, samples: 0/0
display  D d:\Libraries\build\allegro\src\allegro-git\allegro-git\src\display_settings.c:517  _al_score_display_settings       [   0.01954] Score is : 769
display  D d:\Libraries\build\allegro\src\allegro-git\allegro-git\src\display_settings.c:202  debug_display_settings           [   0.01955] color: 16 (rgba 5650), depth: 16, stencil: 0, acc: 0000, samples: 0/0
display  D d:\Libraries\build\allegro\src\allegro-git\allegro-git\src\display_settings.c:517  _al_score_display_settings       [   0.01957] Score is : 769
display  D d:\Libraries\build\allegro\src\allegro-git\allegro-git\src\display_settings.c:202  debug_display_settings           [   0.01957] color: 32 (rgba 8880), depth: 0, stencil: 0, acc: 0000, samples: 0/0
display  D d:\Libraries\build\allegro\src\allegro-git\allegro-git\src\display_settings.c:388  _al_score_display_settings       [   0.01958] Single Buffer requirement not met.
display  D d:\Libraries\build\allegro\src\allegro-git\allegro-git\src\display_settings.c:202  debug_display_settings           [   0.01959] color: 32 (rgba 8880), depth: 0, stencil: 0, acc: 0000, samples: 0/0
display  D d:\Libraries\build\allegro\src\allegro-git\allegro-git\src\display_settings.c:388  _al_score_display_settings       [   0.01960] Single Buffer requirement not met.
display  D d:\Libraries\build\allegro\src\allegro-git\allegro-git\src\display_settings.c:202  debug_display_settings           [   0.01961] color: 32 (rgba 8880), depth: 24, stencil: 8, acc: 0000, samples: 0/0
display  D d:\Libraries\build\allegro\src\allegro-git\allegro-git\src\display_settings.c:388  _al_score_display_settings       [   0.01962] Single Buffer requirement not met.
display  D d:\Libraries\build\allegro\src\allegro-git\allegro-git\src\display_settings.c:202  debug_display_settings           [   0.01964] color: 32 (rgba 8880), depth: 24, stencil: 8, acc: 0000, samples: 0/0
display  D d:\Libraries\build\allegro\src\allegro-git\allegro-git\src\display_settings.c:388  _al_score_display_settings       [   0.01966] Single Buffer requirement not met.
display  D d:\Libraries\build\allegro\src\allegro-git\allegro-git\src\display_settings.c:202  debug_display_settings           [   0.01967] color: 32 (rgba 8880), depth: 24, stencil: 0, acc: 0000, samples: 0/0
display  D d:\Libraries\build\allegro\src\allegro-git\allegro-git\src\display_settings.c:388  _al_score_display_settings       [   0.01969] Single Buffer requirement not met.
display  D d:\Libraries\build\allegro\src\allegro-git\allegro-git\src\display_settings.c:202  debug_display_settings           [   0.01970] color: 32 (rgba 8880), depth: 24, stencil: 0, acc: 0000, samples: 0/0
display  D d:\Libraries\build\allegro\src\allegro-git\allegro-git\src\display_settings.c:388  _al_score_display_settings       [   0.01971] Single Buffer requirement not met.
display  D d:\Libraries\build\allegro\src\allegro-git\allegro-git\src\display_settings.c:202  debug_display_settings           [   0.01973] color: 32 (rgba 8880), depth: 16, stencil: 0, acc: 0000, samples: 0/0
display  D d:\Libraries\build\allegro\src\allegro-git\allegro-git\src\display_settings.c:388  _al_score_display_settings       [   0.01974] Single Buffer requirement not met.
display  D d:\Libraries\build\allegro\src\allegro-git\allegro-git\src\display_settings.c:202  debug_display_settings           [   0.01975] color: 32 (rgba 8880), depth: 16, stencil: 0, acc: 0000, samples: 0/0
display  D d:\Libraries\build\allegro\src\allegro-git\allegro-git\src\display_settings.c:388  _al_score_display_settings       [   0.01977] Single Buffer requirement not met.
display  D d:\Libraries\build\allegro\src\allegro-git\allegro-git\src\display_settings.c:202  debug_display_settings           [   0.01978] color: 16 (rgba 5650), depth: 0, stencil: 0, acc: 0000, samples: 0/0
display  D d:\Libraries\build\allegro\src\allegro-git\allegro-git\src\display_settings.c:388  _al_score_display_settings       [   0.01980] Single Buffer requirement not met.
display  D d:\Libraries\build\allegro\src\allegro-git\allegro-git\src\display_settings.c:202  debug_display_settings           [   0.01981] color: 16 (rgba 5650), depth: 0, stencil: 0, acc: 0000, samples: 0/0
display  D d:\Libraries\build\allegro\src\allegro-git\allegro-git\src\display_settings.c:388  _al_score_display_settings       [   0.01983] Single Buffer requirement not met.
display  D d:\Libraries\build\allegro\src\allegro-git\allegro-git\src\display_settings.c:202  debug_display_settings           [   0.01984] color: 16 (rgba 5650), depth: 24, stencil: 8, acc: 0000, samples: 0/0
display  D d:\Libraries\build\allegro\src\allegro-git\allegro-git\src\display_settings.c:388  _al_score_display_settings       [   0.01985] Single Buffer requirement not met.
display  D d:\Libraries\build\allegro\src\allegro-git\allegro-git\src\display_settings.c:202  debug_display_settings           [   0.01986] color: 16 (rgba 5650), depth: 24, stencil: 8, acc: 0000, samples: 0/0
display  D d:\Libraries\build\allegro\src\allegro-git\allegro-git\src\display_settings.c:388  _al_score_display_settings       [   0.01987] Single Buffer requirement not met.
display  D d:\Libraries\build\allegro\src\allegro-git\allegro-git\src\display_settings.c:202  debug_display_settings           [   0.01988] color: 16 (rgba 5650), depth: 24, stencil: 0, acc: 0000, samples: 0/0
display  D d:\Libraries\build\allegro\src\allegro-git\allegro-git\src\display_settings.c:388  _al_score_display_settings       [   0.01989] Single Buffer requirement not met.
display  D d:\Libraries\build\allegro\src\allegro-git\allegro-git\src\display_settings.c:202  debug_display_settings           [   0.01990] color: 16 (rgba 5650), depth: 24, stencil: 0, acc: 0000, samples: 0/0
display  D d:\Libraries\build\allegro\src\allegro-git\allegro-git\src\display_settings.c:388  _al_score_display_settings       [   0.01992] Single Buffer requirement not met.
display  D d:\Libraries\build\allegro\src\allegro-git\allegro-git\src\display_settings.c:202  debug_display_settings           [   0.01993] color: 16 (rgba 5650), depth: 16, stencil: 0, acc: 0000, samples: 0/0
display  D d:\Libraries\build\allegro\src\allegro-git\allegro-git\src\display_settings.c:388  _al_score_display_settings       [   0.01995] Single Buffer requirement not met.
display  D d:\Libraries\build\allegro\src\allegro-git\allegro-git\src\display_settings.c:202  debug_display_settings           [   0.01996] color: 16 (rgba 5650), depth: 16, stencil: 0, acc: 0000, samples: 0/0
display  D d:\Libraries\build\allegro\src\allegro-git\allegro-git\src\display_settings.c:388  _al_score_display_settings       [   0.01996] Single Buffer requirement not met.
d3d      D d:\Libraries\build\allegro\src\allegro-git\allegro-git\src\win\d3d_disp.cpp:1685 d3d_create_display_internals     [   0.01998] Trying format 0.
d3d      I d:\Libraries\build\allegro\src\allegro-git\allegro-git\src\win\d3d_disp.cpp:1358 d3d_display_thread_proc          [   0.02022] Chose a display format: 23
d3d      I d:\Libraries\build\allegro\src\allegro-git\allegro-git\src\win\d3d_disp.cpp:1427 d3d_display_thread_proc          [   0.02027] Normal window.
d3d      I d:\Libraries\build\allegro\src\allegro-git\allegro-git\src\win\d3d_disp.cpp:824  d3d_create_device                [   0.03394] Using no depth stencil buffer
d3d      D d:\Libraries\build\allegro\src\allegro-git\allegro-git\src\win\d3d_disp.cpp:882  d3d_create_device                [   0.04538] BeginScene succeeded in create_device
d3d      D d:\Libraries\build\allegro\src\allegro-git\allegro-git\src\win\d3d_disp.cpp:890  d3d_create_device                [   0.04542] Success
d3d      D d:\Libraries\build\allegro\src\allegro-git\allegro-git\src\win\d3d_disp.cpp:1708 d3d_create_display_internals     [   0.04545] Resumed after wait.
d3d      I d:\Libraries\build\allegro\src\allegro-git\allegro-git\src\win\d3d_disp.cpp:1741 d3d_create_display_internals     [   0.04549] Format 0 succeeded.
d3d      D d:\Libraries\build\allegro\src\allegro-git\allegro-git\src\win\d3d_disp.cpp:1766 d3d_create_display_internals     [   0.04552] Returning d3d_display: 00C48FC8
d3d      D d:\Libraries\build\allegro\src\allegro-git\allegro-git\src\win\d3d_disp.cpp:1791 d3d_create_display_locked        [   0.04554] al_display=00C48FC8
d3d      D d:\Libraries\build\allegro\src\allegro-git\allegro-git\src\win\d3d_disp.cpp:1792 d3d_create_display_locked        [   0.04555] al_display->vt=00C473B8
system   D d:\Libraries\build\allegro\src\allegro-git\allegro-git\src\win\wsystem.c:655  _al_win_safe_load_library        [   0.04596] PathFindOnPath found: C:\WINDOWS\system32\d3dx9_43.dll
system   D d:\Libraries\build\allegro\src\allegro-git\allegro-git\src\win\wsystem.c:566  load_library_at_path             [   0.04598] Calling LoadLibrary C:\WINDOWS\system32\d3dx9_43.dll
system   I d:\Libraries\build\allegro\src\allegro-git\allegro-git\src\win\wsystem.c:569  load_library_at_path             [   0.04673] Loaded C:\WINDOWS\system32\d3dx9_43.dll
shader   I d:\Libraries\build\allegro\src\allegro-git\allegro-git\src\win\d3d_shader.cpp:129  _imp_load_d3dx9_module_version   [   0.04677] Module "d3dx9_43.dll" loaded.
dtor     D d:\Libraries\build\allegro\src\allegro-git\allegro-git\src\dtor.c:184  _al_register_destructor          [   0.04881] added dtor for object 00C4C260, func 6C675BFC
dtor     D d:\Libraries\build\allegro\src\allegro-git\allegro-git\src\dtor.c:184  _al_register_destructor          [   0.04888] added dtor for object 00C4D0C8, func 6C61B5F9
d3d      D d:\Libraries\build\allegro\src\allegro-git\allegro-git\src\win\d3d_disp.cpp:1198 real_choose_bitmap_format        [   0.05157] Fake format
d3d      D d:\Libraries\build\allegro\src\allegro-git\allegro-git\src\win\d3d_disp.cpp:1198 real_choose_bitmap_format        [   0.05160] Fake format
d3d      D d:\Libraries\build\allegro\src\allegro-git\allegro-git\src\win\d3d_disp.cpp:1198 real_choose_bitmap_format        [   0.05163] Fake format
d3d      D d:\Libraries\build\allegro\src\allegro-git\allegro-git\src\win\d3d_disp.cpp:1198 real_choose_bitmap_format        [   0.05164] Fake format
d3d      D d:\Libraries\build\allegro\src\allegro-git\allegro-git\src\win\d3d_disp.cpp:1198 real_choose_bitmap_format        [   0.05166] Fake format
d3d      D d:\Libraries\build\allegro\src\allegro-git\allegro-git\src\win\d3d_disp.cpp:1198 real_choose_bitmap_format        [   0.05168] Fake format
d3d      D d:\Libraries\build\allegro\src\allegro-git\allegro-git\src\win\d3d_disp.cpp:1198 real_choose_bitmap_format        [   0.05169] Fake format
d3d      D d:\Libraries\build\allegro\src\allegro-git\allegro-git\src\win\d3d_disp.cpp:1198 real_choose_bitmap_format        [   0.05171] Fake format
d3d      D d:\Libraries\build\allegro\src\allegro-git\allegro-git\src\win\d3d_disp.cpp:1198 real_choose_bitmap_format        [   0.05172] Fake format
d3d      D d:\Libraries\build\allegro\src\allegro-git\allegro-git\src\win\d3d_disp.cpp:1206 real_choose_bitmap_format        [   0.05173] Alpha doesn't match
d3d      D d:\Libraries\build\allegro\src\allegro-git\allegro-git\src\win\d3d_disp.cpp:1213 real_choose_bitmap_format        [   0.05175] Adapter format is 23
d3d      D d:\Libraries\build\allegro\src\allegro-git\allegro-git\src\win\d3d_disp.cpp:1216 real_choose_bitmap_format        [   0.05176] Found a format
d3d      I d:\Libraries\build\allegro\src\allegro-git\allegro-git\src\win\d3d_disp.cpp:2362 d3d_create_bitmap                [   0.05177] Chose bitmap format 9
dtor     D d:\Libraries\build\allegro\src\allegro-git\allegro-git\src\dtor.c:184  _al_register_destructor          [   0.05212] added dtor for object 07965F68, func 6C5F9820
d3d      D d:\Libraries\build\allegro\src\allegro-git\allegro-git\src\win\d3d_bmp.cpp:487  _al_d3d_sync_bitmap              [   0.05374] _al_d3d_sync_bitmap (system) ref count == 1
d3d      D d:\Libraries\build\allegro\src\allegro-git\allegro-git\src\win\d3d_bmp.cpp:493  _al_d3d_sync_bitmap              [   0.05384] _al_d3d_sync_bitmap (video) ref count == 1
d3d      D d:\Libraries\build\allegro\src\allegro-git\allegro-git\src\win\d3d_disp.cpp:1198 real_choose_bitmap_format        [   0.05545] Fake format
d3d      D d:\Libraries\build\allegro\src\allegro-git\allegro-git\src\win\d3d_disp.cpp:1198 real_choose_bitmap_format        [   0.05549] Fake format
d3d      D d:\Libraries\build\allegro\src\allegro-git\allegro-git\src\win\d3d_disp.cpp:1198 real_choose_bitmap_format        [   0.05550] Fake format
d3d      D d:\Libraries\build\allegro\src\allegro-git\allegro-git\src\win\d3d_disp.cpp:1198 real_choose_bitmap_format        [   0.05551] Fake format
d3d      D d:\Libraries\build\allegro\src\allegro-git\allegro-git\src\win\d3d_disp.cpp:1198 real_choose_bitmap_format        [   0.05553] Fake format
d3d      D d:\Libraries\build\allegro\src\allegro-git\allegro-git\src\win\d3d_disp.cpp:1198 real_choose_bitmap_format        [   0.05554] Fake format
d3d      D d:\Libraries\build\allegro\src\allegro-git\allegro-git\src\win\d3d_disp.cpp:1198 real_choose_bitmap_format        [   0.05555] Fake format
d3d      D d:\Libraries\build\allegro\src\allegro-git\allegro-git\src\win\d3d_disp.cpp:1198 real_choose_bitmap_format        [   0.05557] Fake format
d3d      D d:\Libraries\build\allegro\src\allegro-git\allegro-git\src\win\d3d_disp.cpp:1198 real_choose_bitmap_format        [   0.05558] Fake format
d3d      D d:\Libraries\build\allegro\src\allegro-git\allegro-git\src\win\d3d_disp.cpp:1206 real_choose_bitmap_format        [   0.05559] Alpha doesn't match
d3d      D d:\Libraries\build\allegro\src\allegro-git\allegro-git\src\win\d3d_disp.cpp:1213 real_choose_bitmap_format        [   0.05561] Adapter format is 23
d3d      D d:\Libraries\build\allegro\src\allegro-git\allegro-git\src\win\d3d_disp.cpp:1216 real_choose_bitmap_format        [   0.05562] Found a format
d3d      I d:\Libraries\build\allegro\src\allegro-git\allegro-git\src\win\d3d_disp.cpp:2362 d3d_create_bitmap                [   0.05572] Chose bitmap format 9
dtor     D d:\Libraries\build\allegro\src\allegro-git\allegro-git\src\dtor.c:184  _al_register_destructor          [   0.05590] added dtor for object 07966A98, func 6C5F9820
d3d      D d:\Libraries\build\allegro\src\allegro-git\allegro-git\src\win\d3d_disp.cpp:1198 real_choose_bitmap_format        [   0.05596] Fake format
d3d      D d:\Libraries\build\allegro\src\allegro-git\allegro-git\src\win\d3d_disp.cpp:1198 real_choose_bitmap_format        [   0.05597] Fake format
d3d      D d:\Libraries\build\allegro\src\allegro-git\allegro-git\src\win\d3d_disp.cpp:1198 real_choose_bitmap_format        [   0.05599] Fake format
d3d      D d:\Libraries\build\allegro\src\allegro-git\allegro-git\src\win\d3d_disp.cpp:1198 real_choose_bitmap_format        [   0.05600] Fake format
d3d      D d:\Libraries\build\allegro\src\allegro-git\allegro-git\src\win\d3d_disp.cpp:1198 real_choose_bitmap_format        [   0.05601] Fake format
d3d      D d:\Libraries\build\allegro\src\allegro-git\allegro-git\src\win\d3d_disp.cpp:1198 real_choose_bitmap_format        [   0.05602] Fake format
d3d      D d:\Libraries\build\allegro\src\allegro-git\allegro-git\src\win\d3d_disp.cpp:1198 real_choose_bitmap_format        [   0.05604] Fake format
d3d      D d:\Libraries\build\allegro\src\allegro-git\allegro-git\src\win\d3d_disp.cpp:1198 real_choose_bitmap_format        [   0.05605] Fake format
d3d      D d:\Libraries\build\allegro\src\allegro-git\allegro-git\src\win\d3d_disp.cpp:1198 real_choose_bitmap_format        [   0.05606] Fake format
d3d      D d:\Libraries\build\allegro\src\allegro-git\allegro-git\src\win\d3d_disp.cpp:1206 real_choose_bitmap_format        [   0.05607] Alpha doesn't match
d3d      D d:\Libraries\build\allegro\src\allegro-git\allegro-git\src\win\d3d_disp.cpp:1213 real_choose_bitmap_format        [   0.05609] Adapter format is 23
d3d      D d:\Libraries\build\allegro\src\allegro-git\allegro-git\src\win\d3d_disp.cpp:1216 real_choose_bitmap_format        [   0.05610] Found a format
d3d      I d:\Libraries\build\allegro\src\allegro-git\allegro-git\src\win\d3d_disp.cpp:2362 d3d_create_bitmap                [   0.05611] Chose bitmap format 9
dtor     D d:\Libraries\build\allegro\src\allegro-git\allegro-git\src\dtor.c:184  _al_register_destructor          [   0.05625] added dtor for object 07967698, func 6C5F9820
d3d      D d:\Libraries\build\allegro\src\allegro-git\allegro-git\src\win\d3d_disp.cpp:1198 real_choose_bitmap_format        [   0.05629] Fake format
d3d      D d:\Libraries\build\allegro\src\allegro-git\allegro-git\src\win\d3d_disp.cpp:1198 real_choose_bitmap_format        [   0.05630] Fake format
d3d      D d:\Libraries\build\allegro\src\allegro-git\allegro-git\src\win\d3d_disp.cpp:1198 real_choose_bitmap_format        [   0.05631] Fake format
d3d      D d:\Libraries\build\allegro\src\allegro-git\allegro-git\src\win\d3d_disp.cpp:1198 real_choose_bitmap_format        [   0.05633] Fake format
d3d      D d:\Libraries\build\allegro\src\allegro-git\allegro-git\src\win\d3d_disp.cpp:1198 real_choose_bitmap_format        [   0.05634] Fake format
d3d      D d:\Libraries\build\allegro\src\allegro-git\allegro-git\src\win\d3d_disp.cpp:1198 real_choose_bitmap_format        [   0.05635] Fake format
d3d      D d:\Libraries\build\allegro\src\allegro-git\allegro-git\src\win\d3d_disp.cpp:1198 real_choose_bitmap_format        [   0.05636] Fake format
d3d      D d:\Libraries\build\allegro\src\allegro-git\allegro-git\src\win\d3d_disp.cpp:1198 real_choose_bitmap_format        [   0.05637] Fake format
d3d      D d:\Libraries\build\allegro\src\allegro-git\allegro-git\src\win\d3d_disp.cpp:1198 real_choose_bitmap_format        [   0.05639] Fake format
d3d      D d:\Libraries\build\allegro\src\allegro-git\allegro-git\src\win\d3d_disp.cpp:1206 real_choose_bitmap_format        [   0.05640] Alpha doesn't match
d3d      D d:\Libraries\build\allegro\src\allegro-git\allegro-git\src\win\d3d_disp.cpp:1213 real_choose_bitmap_format        [   0.05647] Adapter format is 23
d3d      D d:\Libraries\build\allegro\src\allegro-git\allegro-git\src\win\d3d_disp.cpp:1216 real_choose_bitmap_format        [   0.05649] Found a format
d3d      I d:\Libraries\build\allegro\src\allegro-git\allegro-git\src\win\d3d_disp.cpp:2362 d3d_create_bitmap                [   0.05651] Chose bitmap format 9
dtor     D d:\Libraries\build\allegro\src\allegro-git\allegro-git\src\dtor.c:184  _al_register_destructor          [   0.05665] added dtor for object 07967B98, func 6C5F9820
d3d      D d:\Libraries\build\allegro\src\allegro-git\allegro-git\src\win\d3d_bmp.cpp:487  _al_d3d_sync_bitmap              [   0.05907] _al_d3d_sync_bitmap (system) ref count == 1
d3d      D d:\Libraries\build\allegro\src\allegro-git\allegro-git\src\win\d3d_bmp.cpp:493  _al_d3d_sync_bitmap              [   0.05917] _al_d3d_sync_bitmap (video) ref count == 1
d3d      D d:\Libraries\build\allegro\src\allegro-git\allegro-git\src\win\d3d_bmp.cpp:487  _al_d3d_sync_bitmap              [   0.05957] _al_d3d_sync_bitmap (system) ref count == 1
d3d      D d:\Libraries\build\allegro\src\allegro-git\allegro-git\src\win\d3d_bmp.cpp:493  _al_d3d_sync_bitmap              [   0.05961] _al_d3d_sync_bitmap (video) ref count == 1
d3d      D d:\Libraries\build\allegro\src\allegro-git\allegro-git\src\win\d3d_bmp.cpp:487  _al_d3d_sync_bitmap              [   0.06009] _al_d3d_sync_bitmap (system) ref count == 1
d3d      D d:\Libraries\build\allegro\src\allegro-git\allegro-git\src\win\d3d_bmp.cpp:493  _al_d3d_sync_bitmap              [   0.06013] _al_d3d_sync_bitmap (video) ref count == 1
d3d      D d:\Libraries\build\allegro\src\allegro-git\allegro-git\src\win\d3d_bmp.cpp:487  _al_d3d_sync_bitmap              [   0.06059] _al_d3d_sync_bitmap (system) ref count == 1
d3d      D d:\Libraries\build\allegro\src\allegro-git\allegro-git\src\win\d3d_bmp.cpp:493  _al_d3d_sync_bitmap              [   0.06062] _al_d3d_sync_bitmap (video) ref count == 1
d3d      I d:\Libraries\build\allegro\src\allegro-git\allegro-git\src\win\d3d_disp.cpp:944  d3d_destroy_display              [  41.08921] destroying display 00C48FC8 (current 00000000)
bitmap   D d:\Libraries\build\allegro\src\allegro-git\allegro-git\src\bitmap_type.c:275  _al_convert_to_memory_bitmap     [  41.09101] converting display bitmap 07967B98 to memory bitmap
dtor     D d:\Libraries\build\allegro\src\allegro-git\allegro-git\src\dtor.c:184  _al_register_destructor          [  41.09105] added dtor for object 07967C98, func 6C5F9820
d3d      D d:\Libraries\build\allegro\src\allegro-git\allegro-git\src\win\d3d_bmp.cpp:487  _al_d3d_sync_bitmap              [  41.09107] _al_d3d_sync_bitmap (system) ref count == 1
d3d      D d:\Libraries\build\allegro\src\allegro-git\allegro-git\src\win\d3d_bmp.cpp:493  _al_d3d_sync_bitmap              [  41.09108] _al_d3d_sync_bitmap (video) ref count == 1
dtor     D d:\Libraries\build\allegro\src\allegro-git\allegro-git\src\dtor.c:214  _al_unregister_destructor        [  41.09141] removed dtor for object 07967C98
bitmap   D d:\Libraries\build\allegro\src\allegro-git\allegro-git\src\bitmap_type.c:275  _al_convert_to_memory_bitmap     [  41.09149] converting display bitmap 07967698 to memory bitmap
dtor     D d:\Libraries\build\allegro\src\allegro-git\allegro-git\src\dtor.c:184  _al_register_destructor          [  41.09151] added dtor for object 07966B98, func 6C5F9820
d3d      D d:\Libraries\build\allegro\src\allegro-git\allegro-git\src\win\d3d_bmp.cpp:487  _al_d3d_sync_bitmap              [  41.09176] _al_d3d_sync_bitmap (system) ref count == 1
d3d      D d:\Libraries\build\allegro\src\allegro-git\allegro-git\src\win\d3d_bmp.cpp:493  _al_d3d_sync_bitmap              [  41.09179] _al_d3d_sync_bitmap (video) ref count == 1
dtor     D d:\Libraries\build\allegro\src\allegro-git\allegro-git\src\dtor.c:214  _al_unregister_destructor        [  41.09197] removed dtor for object 07966B98
bitmap   D d:\Libraries\build\allegro\src\allegro-git\allegro-git\src\bitmap_type.c:275  _al_convert_to_memory_bitmap     [  41.09203] converting display bitmap 07966A98 to memory bitmap
dtor     D d:\Libraries\build\allegro\src\allegro-git\allegro-git\src\dtor.c:184  _al_register_destructor          [  41.09214] added dtor for object 07966E98, func 6C5F9820
d3d      D d:\Libraries\build\allegro\src\allegro-git\allegro-git\src\win\d3d_bmp.cpp:487  _al_d3d_sync_bitmap              [  41.09224] _al_d3d_sync_bitmap (system) ref count == 1
d3d      D d:\Libraries\build\allegro\src\allegro-git\allegro-git\src\win\d3d_bmp.cpp:493  _al_d3d_sync_bitmap              [  41.09226] _al_d3d_sync_bitmap (video) ref count == 1
dtor     D d:\Libraries\build\allegro\src\allegro-git\allegro-git\src\dtor.c:214  _al_unregister_destructor        [  41.09250] removed dtor for object 07966E98
bitmap   D d:\Libraries\build\allegro\src\allegro-git\allegro-git\src\bitmap_type.c:275  _al_convert_to_memory_bitmap     [  41.09256] converting display bitmap 07967598 to memory bitmap
dtor     D d:\Libraries\build\allegro\src\allegro-git\allegro-git\src\dtor.c:184  _al_register_destructor          [  41.09259] added dtor for object 07968098, func 6C5F9820
d3d      D d:\Libraries\build\allegro\src\allegro-git\allegro-git\src\win\d3d_bmp.cpp:487  _al_d3d_sync_bitmap              [  41.09286] _al_d3d_sync_bitmap (system) ref count == 1
d3d      D d:\Libraries\build\allegro\src\allegro-git\allegro-git\src\win\d3d_bmp.cpp:493  _al_d3d_sync_bitmap              [  41.09289] _al_d3d_sync_bitmap (video) ref count == 1
dtor     D d:\Libraries\build\allegro\src\allegro-git\allegro-git\src\dtor.c:214  _al_unregister_destructor        [  41.09323] removed dtor for object 07968098
bitmap   D d:\Libraries\build\allegro\src\allegro-git\allegro-git\src\bitmap_type.c:275  _al_convert_to_memory_bitmap     [  41.09334] converting display bitmap 07960548 to memory bitmap
bitmap   D d:\Libraries\build\allegro\src\allegro-git\allegro-git\src\bitmap_type.c:275  _al_convert_to_memory_bitmap     [  41.09336] converting display bitmap 07960448 to memory bitmap
bitmap   D d:\Libraries\build\allegro\src\allegro-git\allegro-git\src\bitmap_type.c:275  _al_convert_to_memory_bitmap     [  41.09337] converting display bitmap 07960348 to memory bitmap
bitmap   D d:\Libraries\build\allegro\src\allegro-git\allegro-git\src\bitmap_type.c:275  _al_convert_to_memory_bitmap     [  41.09338] converting display bitmap 07960248 to memory bitmap
bitmap   D d:\Libraries\build\allegro\src\allegro-git\allegro-git\src\bitmap_type.c:275  _al_convert_to_memory_bitmap     [  41.09339] converting display bitmap 07960148 to memory bitmap
bitmap   D d:\Libraries\build\allegro\src\allegro-git\allegro-git\src\bitmap_type.c:275  _al_convert_to_memory_bitmap     [  41.09340] converting display bitmap 07960048 to memory bitmap
bitmap   D d:\Libraries\build\allegro\src\allegro-git\allegro-git\src\bitmap_type.c:275  _al_convert_to_memory_bitmap     [  41.09341] converting display bitmap 07989EA0 to memory bitmap
bitmap   D d:\Libraries\build\allegro\src\allegro-git\allegro-git\src\bitmap_type.c:275  _al_convert_to_memory_bitmap     [  41.09342] converting display bitmap 07989DA0 to memory bitmap
bitmap   D d:\Libraries\build\allegro\src\allegro-git\allegro-git\src\bitmap_type.c:275  _al_convert_to_memory_bitmap     [  41.09343] converting display bitmap 07989CA0 to memory bitmap
bitmap   D d:\Libraries\build\allegro\src\allegro-git\allegro-git\src\bitmap_type.c:275  _al_convert_to_memory_bitmap     [  41.09344] converting display bitmap 07989BA0 to memory bitmap
bitmap   D d:\Libraries\build\allegro\src\allegro-git\allegro-git\src\bitmap_type.c:275  _al_convert_to_memory_bitmap     [  41.09345] converting display bitmap 07989AA0 to memory bitmap
bitmap   D d:\Libraries\build\allegro\src\allegro-git\allegro-git\src\bitmap_type.c:275  _al_convert_to_memory_bitmap     [  41.09346] converting display bitmap 079899A0 to memory bitmap
bitmap   D d:\Libraries\build\allegro\src\allegro-git\allegro-git\src\bitmap_type.c:275  _al_convert_to_memory_bitmap     [  41.09347] converting display bitmap 079898A0 to memory bitmap
bitmap   D d:\Libraries\build\allegro\src\allegro-git\allegro-git\src\bitmap_type.c:275  _al_convert_to_memory_bitmap     [  41.09349] converting display bitmap 079897A0 to memory bitmap
bitmap   D d:\Libraries\build\allegro\src\allegro-git\allegro-git\src\bitmap_type.c:275  _al_convert_to_memory_bitmap     [  41.09350] converting display bitmap 079896A0 to memory bitmap
bitmap   D d:\Libraries\build\allegro\src\allegro-git\allegro-git\src\bitmap_type.c:275  _al_convert_to_memory_bitmap     [  41.09351] converting display bitmap 079895A0 to memory bitmap
d3d      D d:\Libraries\build\allegro\src\allegro-git\allegro-git\src\win\d3d_disp.cpp:928  d3d_destroy_display_internals    [  41.09352] waiting for display 00C48FC8's thread to end
d3d      W d:\Libraries\build\allegro\src\allegro-git\allegro-git\src\win\d3d_disp.cpp:638  d3d_destroy_device               [  41.10551] d3d_destroy_device: ref count not 0
d3d      I d:\Libraries\build\allegro\src\allegro-git\allegro-git\src\win\d3d_disp.cpp:1566 d3d_display_thread_proc          [  41.11195] d3d display thread exits
dtor     D d:\Libraries\build\allegro\src\allegro-git\allegro-git\src\dtor.c:214  _al_unregister_destructor        [  41.12739] removed dtor for object 00C4C260
dtor     D d:\Libraries\build\allegro\src\allegro-git\allegro-git\src\dtor.c:214  _al_unregister_destructor        [  41.12742] removed dtor for object 00C4D0C8
dtor     D d:\Libraries\build\allegro\src\allegro-git\allegro-git\src\dtor.c:214  _al_unregister_destructor        [  41.12745] removed dtor for object 07965F68
dtor     D d:\Libraries\build\allegro\src\allegro-git\allegro-git\src\dtor.c:214  _al_unregister_destructor        [  41.12746] removed dtor for object 07966A98
dtor     D d:\Libraries\build\allegro\src\allegro-git\allegro-git\src\dtor.c:214  _al_unregister_destructor        [  41.12747] removed dtor for object 07967698
dtor     D d:\Libraries\build\allegro\src\allegro-git\allegro-git\src\dtor.c:114  _al_run_destructors              [  41.12748] calling dtor for object 07967B98, func 6C5F9820
dtor     D d:\Libraries\build\allegro\src\allegro-git\allegro-git\src\dtor.c:214  _al_unregister_destructor        [  41.12749] removed dtor for object 07967B98
